    1C
    1UUSER                                                              
    1UDATE              12.january.2014                                 
    1UTIME              21:08:16                                        
    1UHOST                                                              
    1UPGM               CalculiX                                        
    1UDIR                                                               
    1UDBN                                                               
    2C                            52                                     1
 -1       106 0.00000E+00 1.00000E-03 1.00000E-03
 -1       107 0.00000E+00-1.00000E-03 1.00000E-03
 -1       108 0.00000E+00-1.00000E-03-1.00000E-03
 -1       109 0.00000E+00 1.00000E-03-1.00000E-03
 -1       114-8.66019E-04 5.00011E-04 1.00000E-03
 -1       115 8.66019E-04-5.00011E-04 1.00000E-03
 -1       116 8.66019E-04-5.00011E-04-1.00000E-03
 -1       117-8.66019E-04 5.00011E-04-1.00000E-03
 -1       140 1.00000E+00 1.00000E-03 1.00000E-03
 -1       141 1.00000E+00-1.00000E-03 1.00000E-03
 -1       142 1.00000E+00-1.00000E-03-1.00000E-03
 -1       143 1.00000E+00 1.00000E-03-1.00000E-03
 -1       148 9.99134E-01-5.00011E-04 1.00000E-03
 -1       149 1.00087E+00 5.00011E-04 1.00000E-03
 -1       150 1.00087E+00 5.00011E-04-1.00000E-03
 -1       151 9.99134E-01-5.00011E-04-1.00000E-03
 -1       156 9.99134E-01 5.00011E-04 1.00000E-03
 -1       157 1.00087E+00-5.00011E-04 1.00000E-03
 -1       158 1.00087E+00-5.00011E-04-1.00000E-03
 -1       159 9.99134E-01 5.00011E-04-1.00000E-03
 -1       190 2.00000E+00 1.00000E-03 1.00000E-03
 -1       191 2.00000E+00-1.00000E-03 1.00000E-03
 -1       192 2.00000E+00-1.00000E-03-1.00000E-03
 -1       193 2.00000E+00 1.00000E-03-1.00000E-03
 -1       198 1.99913E+00-5.00011E-04 1.00000E-03
 -1       199 2.00087E+00 5.00011E-04 1.00000E-03
 -1       200 2.00087E+00 5.00011E-04-1.00000E-03
 -1       201 1.99913E+00-5.00011E-04-1.00000E-03
 -1       224 4.99134E-01 8.66500E-01 1.00000E-03
 -1       225 5.00866E-01 8.65500E-01 1.00000E-03
 -1       226 5.00866E-01 8.65500E-01-1.00000E-03
 -1       227 4.99134E-01 8.66500E-01-1.00000E-03
 -1       232 4.99134E-01 8.65500E-01 1.00000E-03
 -1       233 5.00866E-01 8.66500E-01 1.00000E-03
 -1       234 5.00866E-01 8.66500E-01-1.00000E-03
 -1       235 4.99134E-01 8.65500E-01-1.00000E-03
 -1       240 5.00000E-01 8.67000E-01 1.00000E-03
 -1       241 5.00000E-01 8.65000E-01 1.00000E-03
 -1       242 5.00000E-01 8.65000E-01-1.00000E-03
 -1       243 5.00000E-01 8.67000E-01-1.00000E-03
 -1       274 1.49913E+00 8.66500E-01 1.00000E-03
 -1       275 1.50087E+00 8.65500E-01 1.00000E-03
 -1       276 1.50087E+00 8.65500E-01-1.00000E-03
 -1       277 1.49913E+00 8.66500E-01-1.00000E-03
 -1       282 1.49913E+00 8.65500E-01 1.00000E-03
 -1       283 1.50087E+00 8.66500E-01 1.00000E-03
 -1       284 1.50087E+00 8.66500E-01-1.00000E-03
 -1       285 1.49913E+00 8.65500E-01-1.00000E-03
 -1       290 1.50000E+00 8.67000E-01 1.00000E-03
 -1       291 1.50000E+00 8.65000E-01 1.00000E-03
 -1       292 1.50000E+00 8.65000E-01-1.00000E-03
 -1       293 1.50000E+00 8.67000E-01-1.00000E-03
 -3
    3C                             7                                     1
 -1        11    1    0STEEL
 -2       106       140       141       107       109       143       142       108
 -1        12    1    0STEEL
 -2       140       190       191       141       143       193       192       142
 -1        13    1    0STEEL
 -2       114       224       225       115       117       227       226       116
 -1        14    1    0STEEL
 -2       148       232       233       149       151       235       234       150
 -1        15    1    0STEEL
 -2       156       274       275       157       159       277       276       158
 -1        16    1    0STEEL
 -2       198       282       283       199       201       285       284       200
 -1        17    1    0STEEL
 -2       240       290       291       241       243       293       292       242
 -3
    1PSTEP                         1           1           1          
  100CL  101 1.00000E-03          52                     1    1           1
 -4  DISP        4    1
 -5  D1          1    2    1    0
 -5  D2          1    2    2    0
 -5  D3          1    2    3    0
 -5  ALL         1    2    0    0    1ALL
 -1       106 0.00000E+00 3.32910E-06 3.32910E-06
 -1       107 0.00000E+00-3.32910E-06 3.32910E-06
 -1       108 0.00000E+00-3.32910E-06-3.32910E-06
 -1       109 0.00000E+00 3.32910E-06-3.32910E-06
 -1       114-2.88306E-06 1.66459E-06 3.32910E-06
 -1       115 2.88306E-06-1.66459E-06 3.32910E-06
 -1       116 2.88306E-06-1.66459E-06-3.32910E-06
 -1       117-2.88306E-06 1.66459E-06-3.32910E-06
 -1       140 8.66715E-04-1.80351E-02-4.46106E-06
 -1       141 8.53694E-04-1.80261E-02-4.46106E-06
 -1       142 8.53694E-04-1.80261E-02 4.46106E-06
 -1       143 8.66715E-04-1.80351E-02 4.46106E-06
 -1       148 8.60831E-04-1.80227E-02-4.46106E-06
 -1       149 8.59578E-04-1.80385E-02-4.46106E-06
 -1       150 8.59578E-04-1.80385E-02 4.46106E-06
 -1       151 8.60831E-04-1.80227E-02 4.46106E-06
 -1       156 8.67341E-04-1.80272E-02-4.46106E-06
 -1       157 8.53067E-04-1.80340E-02-4.46106E-06
 -1       158 8.53067E-04-1.80340E-02 4.46106E-06
 -1       159 8.67341E-04-1.80272E-02 4.46106E-06
 -1       190 5.39747E-03 1.12396E-06 1.55354E-06
 -1       191 5.45614E-03-1.12396E-06 1.55354E-06
 -1       192 5.45614E-03-1.12396E-06-1.55354E-06
 -1       193 5.39747E-03 1.12396E-06-1.55354E-06
 -1       198 5.44050E-03-2.59631E-05 1.55354E-06
 -1       199 5.41311E-03 2.59631E-05 1.55354E-06
 -1       200 5.41311E-03 2.59631E-05-1.55354E-06
 -1       201 5.44050E-03-2.59631E-05-1.55354E-06
 -1       224 3.60297E-03-7.90229E-03 2.73530E-07
 -1       225 3.59230E-03-7.92162E-03 2.73530E-07
 -1       226 3.59230E-03-7.92162E-03-2.73530E-07
 -1       227 3.60297E-03-7.90229E-03-2.73530E-07
 -1       232 3.59194E-03-7.90250E-03 2.73530E-07
 -1       233 3.60334E-03-7.92140E-03 2.73530E-07
 -1       234 3.60334E-03-7.92140E-03-2.73530E-07
 -1       235 3.59194E-03-7.90250E-03-2.73530E-07
 -1       240 3.60867E-03-7.91174E-03 2.73530E-07
 -1       241 3.58660E-03-7.91217E-03 2.73530E-07
 -1       242 3.58660E-03-7.91217E-03-2.73530E-07
 -1       243 3.60867E-03-7.91174E-03-2.73530E-07
 -1       274-1.62858E-03-1.07122E-02 2.03998E-06
 -1       275-1.61936E-03-1.07044E-02 2.03998E-06
 -1       276-1.61936E-03-1.07044E-02-2.03998E-06
 -1       277-1.62858E-03-1.07122E-02-2.03998E-06
 -1       282-1.62286E-03-1.07143E-02 2.03998E-06
 -1       283-1.62508E-03-1.07023E-02 2.03998E-06
 -1       284-1.62508E-03-1.07023E-02-2.03998E-06
 -1       285-1.62286E-03-1.07143E-02-2.03998E-06
 -1       290-1.62969E-03-1.07063E-02 2.03998E-06
 -1       291-1.61825E-03-1.07103E-02 2.03998E-06
 -1       292-1.61825E-03-1.07103E-02-2.03998E-06
 -1       293-1.62969E-03-1.07063E-02-2.03998E-06
 -3
    1PSTEP                         2           2           1          
  100CL  102 2.00000E-03          52                     1    2           1
 -4  DISP        4    1
 -5  D1          1    2    1    0
 -5  D2          1    2    2    0
 -5  D3          1    2    3    0
 -5  ALL         1    2    0    0    1ALL
 -1       106 0.00000E+00 2.73764E-06 2.73764E-06
 -1       107 0.00000E+00-2.73764E-06 2.73764E-06
 -1       108 0.00000E+00-2.73764E-06-2.73764E-06
 -1       109 0.00000E+00 2.73764E-06-2.73764E-06
 -1       114-2.37085E-06 1.36885E-06 2.73764E-06
 -1       115 2.37085E-06-1.36885E-06 2.73764E-06
 -1       116 2.37085E-06-1.36885E-06-2.73764E-06
 -1       117-2.37085E-06 1.36885E-06-2.73764E-06
 -1       140 3.22479E-03-1.91715E-02-4.46866E-06
 -1       141 3.20883E-03-1.91625E-02-4.46866E-06
 -1       142 3.20883E-03-1.91625E-02 4.46866E-06
 -1       143 3.22479E-03-1.91715E-02 4.46866E-06
 -1       148 3.21672E-03-1.91578E-02-4.46866E-06
 -1       149 3.21690E-03-1.91762E-02-4.46866E-06
 -1       150 3.21690E-03-1.91762E-02 4.46866E-06
 -1       151 3.21672E-03-1.91578E-02 4.46866E-06
 -1       156 3.22470E-03-1.91623E-02-4.46866E-06
 -1       157 3.20893E-03-1.91717E-02-4.46866E-06
 -1       158 3.20893E-03-1.91717E-02 4.46866E-06
 -1       159 3.22470E-03-1.91623E-02 4.46866E-06
 -1       190 9.78146E-03 1.02655E-06 1.64435E-06
 -1       191 9.85181E-03-1.02655E-06 1.64435E-06
 -1       192 9.85181E-03-1.02655E-06-1.64435E-06
 -1       193 9.78146E-03 1.02655E-06-1.64435E-06
 -1       198 9.83334E-03-3.09752E-05 1.64435E-06
 -1       199 9.79994E-03 3.09752E-05 1.64435E-06
 -1       200 9.79994E-03 3.09752E-05-1.64435E-06
 -1       201 9.83334E-03-3.09752E-05-1.64435E-06
 -1       224 7.01280E-03-1.21644E-02 1.31868E-06
 -1       225 7.00061E-03-1.21904E-02 1.31868E-06
 -1       226 7.00061E-03-1.21904E-02-1.31868E-06
 -1       227 7.01280E-03-1.21644E-02-1.31868E-06
 -1       232 6.99851E-03-1.21657E-02 1.31868E-06
 -1       233 7.01491E-03-1.21892E-02 1.31868E-06
 -1       234 7.01491E-03-1.21892E-02-1.31868E-06
 -1       235 6.99851E-03-1.21657E-02-1.31868E-06
 -1       240 7.02101E-03-1.21762E-02 1.31868E-06
 -1       241 6.99241E-03-1.21786E-02 1.31868E-06
 -1       242 6.99241E-03-1.21786E-02-1.31868E-06
 -1       243 7.02101E-03-1.21762E-02-1.31868E-06
 -1       274 7.14639E-04-1.60138E-02 3.44425E-06
 -1       275 7.26756E-04-1.60065E-02 3.44425E-06
 -1       276 7.26756E-04-1.60065E-02-3.44425E-06
 -1       277 7.14639E-04-1.60138E-02-3.44425E-06
 -1       282 7.20823E-04-1.60172E-02 3.44425E-06
 -1       283 7.20571E-04-1.60031E-02 3.44425E-06
 -1       284 7.20571E-04-1.60031E-02-3.44425E-06
 -1       285 7.20823E-04-1.60172E-02-3.44425E-06
 -1       290 7.14513E-04-1.60067E-02 3.44425E-06
 -1       291 7.26882E-04-1.60136E-02 3.44425E-06
 -1       292 7.26882E-04-1.60136E-02-3.44425E-06
 -1       293 7.14513E-04-1.60067E-02-3.44425E-06
 -3
    1PSTEP                         3           3           1          
  100CL  103 3.50000E-03          52                     1    3           1
 -4  DISP        4    1
 -5  D1          1    2    1    0
 -5  D2          1    2    2    0
 -5  D3          1    2    3    0
 -5  ALL         1    2    0    0    1ALL
 -1       106 0.00000E+00 1.79996E-07 1.79996E-07
 -1       107 0.00000E+00-1.79996E-07 1.79996E-07
 -1       108 0.00000E+00-1.79996E-07-1.79996E-07
 -1       109 0.00000E+00 1.79996E-07-1.79996E-07
 -1       114-1.55880E-07 9.00002E-08 1.79996E-07
 -1       115 1.55880E-07-9.00002E-08 1.79996E-07
 -1       116 1.55880E-07-9.00002E-08-1.79996E-07
 -1       117-1.55880E-07 9.00002E-08-1.79996E-07
 -1       140 1.06675E-03-4.16616E-03-1.38913E-06
 -1       141 1.06458E-03-4.16338E-03-1.38913E-06
 -1       142 1.06458E-03-4.16338E-03 1.38913E-06
 -1       143 1.06675E-03-4.16616E-03 1.38913E-06
 -1       148 1.06633E-03-4.16314E-03-1.38913E-06
 -1       149 1.06500E-03-4.16641E-03-1.38913E-06
 -1       150 1.06500E-03-4.16641E-03 1.38913E-06
 -1       151 1.06633E-03-4.16314E-03 1.38913E-06
 -1       156 1.06741E-03-4.16453E-03-1.38913E-06
 -1       157 1.06392E-03-4.16502E-03-1.38913E-06
 -1       158 1.06392E-03-4.16502E-03 1.38913E-06
 -1       159 1.06741E-03-4.16453E-03 1.38913E-06
 -1       190 1.80627E-03 2.81413E-07 2.91414E-07
 -1       191 1.81522E-03-2.81413E-07 2.91414E-07
 -1       192 1.81522E-03-2.81413E-07-2.91414E-07
 -1       193 1.80627E-03 2.81413E-07-2.91414E-07
 -1       198 1.81274E-03-4.01435E-06 2.91414E-07
 -1       199 1.80875E-03 4.01435E-06 2.91414E-07
 -1       200 1.80875E-03 4.01435E-06-2.91414E-07
 -1       201 1.81274E-03-4.01435E-06-2.91414E-07
 -1       224 1.76465E-03 3.86372E-04-3.88544E-07
 -1       225 1.76096E-03 3.81563E-04-3.88544E-07
 -1       226 1.76096E-03 3.81563E-04 3.88544E-07
 -1       227 1.76465E-03 3.86372E-04 3.88544E-07
 -1       232 1.76164E-03 3.86765E-04-3.88544E-07
 -1       233 1.76397E-03 3.81170E-04-3.88544E-07
 -1       234 1.76397E-03 3.81170E-04 3.88544E-07
 -1       235 1.76164E-03 3.86765E-04 3.88544E-07
 -1       240 1.76581E-03 3.83575E-04-3.88544E-07
 -1       241 1.75980E-03 3.84361E-04-3.88544E-07
 -1       242 1.75980E-03 3.84361E-04 3.88544E-07
 -1       243 1.76581E-03 3.83575E-04 3.88544E-07
 -1       274 1.28825E-03 8.30099E-05-3.31521E-07
 -1       275 1.28892E-03 8.54919E-05-3.31521E-07
 -1       276 1.28892E-03 8.54919E-05 3.31521E-07
 -1       277 1.28825E-03 8.30099E-05 3.31521E-07
 -1       282 1.28949E-03 8.33422E-05-3.31521E-07
 -1       283 1.28768E-03 8.51596E-05-3.31521E-07
 -1       284 1.28768E-03 8.51596E-05 3.31521E-07
 -1       285 1.28949E-03 8.33422E-05 3.31521E-07
 -1       290 1.28734E-03 8.39186E-05-3.31521E-07
 -1       291 1.28983E-03 8.45832E-05-3.31521E-07
 -1       292 1.28983E-03 8.45832E-05 3.31521E-07
 -1       293 1.28734E-03 8.39186E-05 3.31521E-07
 -3
    1PSTEP                         4           4           1          
  100CL  104 5.75000E-03          52                     1    4           1
 -4  DISP        4    1
 -5  D1          1    2    1    0
 -5  D2          1    2    2    0
 -5  D3          1    2    3    0
 -5  ALL         1    2    0    0    1ALL
 -1       106 0.00000E+00 4.13295E-06 4.13295E-06
 -1       107 0.00000E+00-4.13295E-06 4.13295E-06
 -1       108 0.00000E+00-4.13295E-06-4.13295E-06
 -1       109 0.00000E+00 4.13295E-06-4.13295E-06
 -1       114-3.57921E-06 2.06652E-06 4.13295E-06
 -1       115 3.57921E-06-2.06652E-06 4.13295E-06
 -1       116 3.57921E-06-2.06652E-06-4.13295E-06
 -1       117-3.57921E-06 2.06652E-06-4.13295E-06
 -1       140-2.87779E-04-1.82927E-02-4.10280E-06
 -1       141-3.01948E-04-1.82844E-02-4.10280E-06
 -1       142-3.01948E-04-1.82844E-02 4.10280E-06
 -1       143-2.87779E-04-1.82927E-02 4.10280E-06
 -1       148-2.94831E-04-1.82804E-02-4.10280E-06
 -1       149-2.94896E-04-1.82968E-02-4.10280E-06
 -1       150-2.94896E-04-1.82968E-02 4.10280E-06
 -1       151-2.94831E-04-1.82804E-02 4.10280E-06
 -1       156-2.87746E-04-1.82845E-02-4.10280E-06
 -1       157-3.01981E-04-1.82926E-02-4.10280E-06
 -1       158-3.01981E-04-1.82926E-02 4.10280E-06
 -1       159-2.87746E-04-1.82845E-02 4.10280E-06
 -1       190 4.61518E-03 9.40098E-07 1.46615E-06
 -1       191 4.68009E-03-9.40098E-07 1.46615E-06
 -1       192 4.68009E-03-9.40098E-07-1.46615E-06
 -1       193 4.61518E-03 9.40098E-07-1.46615E-06
 -1       198 4.66305E-03-2.85773E-05 1.46615E-06
 -1       199 4.63222E-03 2.85773E-05 1.46615E-06
 -1       200 4.63222E-03 2.85773E-05-1.46615E-06
 -1       201 4.66305E-03-2.85773E-05-1.46615E-06
 -1       224 2.38484E-03-1.05768E-02 7.71748E-07
 -1       225 2.37552E-03-1.05958E-02 7.71748E-07
 -1       226 2.37552E-03-1.05958E-02-7.71748E-07
 -1       227 2.38484E-03-1.05768E-02-7.71748E-07
 -1       232 2.37428E-03-1.05775E-02 7.71748E-07
 -1       233 2.38608E-03-1.05951E-02 7.71748E-07
 -1       234 2.38608E-03-1.05951E-02-7.71748E-07
 -1       235 2.37428E-03-1.05775E-02-7.71748E-07
 -1       240 2.39075E-03-1.05856E-02 7.71748E-07
 -1       241 2.36961E-03-1.05870E-02 7.71748E-07
 -1       242 2.36961E-03-1.05870E-02-7.71748E-07
 -1       243 2.39075E-03-1.05856E-02-7.71748E-07
 -1       274-3.80406E-03-1.38274E-02 3.00565E-06
 -1       275-3.79298E-03-1.38201E-02 3.00565E-06
 -1       276-3.79298E-03-1.38201E-02-3.00565E-06
 -1       277-3.80406E-03-1.38274E-02-3.00565E-06
 -1       282-3.79815E-03-1.38304E-02 3.00565E-06
 -1       283-3.79888E-03-1.38171E-02 3.00565E-06
 -1       284-3.79888E-03-1.38171E-02-3.00565E-06
 -1       285-3.79815E-03-1.38304E-02-3.00565E-06
 -1       290-3.80443E-03-1.38208E-02 3.00565E-06
 -1       291-3.79261E-03-1.38267E-02 3.00565E-06
 -1       292-3.79261E-03-1.38267E-02-3.00565E-06
 -1       293-3.80443E-03-1.38208E-02-3.00565E-06
 -3
    1PSTEP                         5           5           1          
  100CL  105 9.12500E-03          52                     1    5           1
 -4  DISP        4    1
 -5  D1          1    2    1    0
 -5  D2          1    2    2    0
 -5  D3          1    2    3    0
 -5  ALL         1    2    0    0    1ALL
 -1       106 0.00000E+00 3.69742E-07 3.69742E-07
 -1       107 0.00000E+00-3.69742E-07 3.69742E-07
 -1       108 0.00000E+00-3.69742E-07-3.69742E-07
 -1       109 0.00000E+00 3.69742E-07-3.69742E-07
 -1       114-3.20203E-07 1.84875E-07 3.69742E-07
 -1       115 3.20203E-07-1.84875E-07 3.69742E-07
 -1       116 3.20203E-07-1.84875E-07-3.69742E-07
 -1       117-3.20203E-07 1.84875E-07-3.69742E-07
 -1       140 3.69845E-03-1.02499E-02-2.81937E-06
 -1       141 3.69048E-03-1.02443E-02-2.81937E-06
 -1       142 3.69048E-03-1.02443E-02 2.81937E-06
 -1       143 3.69845E-03-1.02499E-02 2.81937E-06
 -1       148 3.69492E-03-1.02422E-02-2.81937E-06
 -1       149 3.69401E-03-1.02520E-02-2.81937E-06
 -1       150 3.69401E-03-1.02520E-02 2.81937E-06
 -1       151 3.69492E-03-1.02422E-02 2.81937E-06
 -1       156 3.69891E-03-1.02451E-02-2.81937E-06
 -1       157 3.69002E-03-1.02491E-02-2.81937E-06
 -1       158 3.69002E-03-1.02491E-02 2.81937E-06
 -1       159 3.69891E-03-1.02451E-02 2.81937E-06
 -1       190 7.30185E-03 7.29315E-07 8.68584E-07
 -1       191 7.33524E-03-7.29315E-07 8.68584E-07
 -1       192 7.33524E-03-7.29315E-07-8.68585E-07
 -1       193 7.30185E-03 7.29315E-07-8.68585E-07
 -1       198 7.32626E-03-1.48239E-05 8.68584E-07
 -1       199 7.31083E-03 1.48239E-05 8.68584E-07
 -1       200 7.31083E-03 1.48239E-05-8.68585E-07
 -1       201 7.32626E-03-1.48239E-05-8.68585E-07
 -1       224 6.06182E-03-4.48887E-03 3.91752E-07
 -1       225 6.05340E-03-4.50487E-03 3.91752E-07
 -1       226 6.05340E-03-4.50487E-03-3.91752E-07
 -1       227 6.06182E-03-4.48887E-03-3.91752E-07
 -1       232 6.05279E-03-4.48922E-03 3.91752E-07
 -1       233 6.06243E-03-4.50452E-03 3.91752E-07
 -1       234 6.06243E-03-4.50452E-03-3.91752E-07
 -1       235 6.05279E-03-4.48922E-03-3.91752E-07
 -1       240 6.06665E-03-4.49652E-03 3.91752E-07
 -1       241 6.04858E-03-4.49722E-03 3.91752E-07
 -1       242 6.04858E-03-4.49722E-03-3.91752E-07
 -1       243 6.06665E-03-4.49652E-03-3.91752E-07
 -1       274 3.54840E-03-6.29966E-03 1.07283E-06
 -1       275 3.55346E-03-6.29516E-03 1.07283E-06
 -1       276 3.55346E-03-6.29516E-03-1.07283E-06
 -1       277 3.54840E-03-6.29966E-03-1.07283E-06
 -1       282 3.55161E-03-6.30072E-03 1.07283E-06
 -1       283 3.55025E-03-6.29409E-03 1.07283E-06
 -1       284 3.55025E-03-6.29409E-03-1.07283E-06
 -1       285 3.55161E-03-6.30072E-03-1.07283E-06
 -1       290 3.54772E-03-6.29634E-03 1.07283E-06
 -1       291 3.55414E-03-6.29847E-03 1.07283E-06
 -1       292 3.55414E-03-6.29847E-03-1.07283E-06
 -1       293 3.54772E-03-6.29634E-03-1.07283E-06
 -3
    1PSTEP                         6           6           1          
  100CL  106 1.41875E-02          52                     1    6           1
 -4  DISP        4    1
 -5  D1          1    2    1    0
 -5  D2          1    2    2    0
 -5  D3          1    2    3    0
 -5  ALL         1    2    0    0    1ALL
 -1       106 0.00000E+00 3.27042E-06 3.27042E-06
 -1       107 0.00000E+00-3.27042E-06 3.27042E-06
 -1       108 0.00000E+00-3.27042E-06-3.27042E-06
 -1       109 0.00000E+00 3.27042E-06-3.27042E-06
 -1       114-2.83225E-06 1.63525E-06 3.27042E-06
 -1       115 2.83225E-06-1.63525E-06 3.27042E-06
 -1       116 2.83225E-06-1.63525E-06-3.27042E-06
 -1       117-2.83225E-06 1.63525E-06-3.27042E-06
 -1       140-1.09504E-03-1.29959E-02-2.95580E-06
 -1       141-1.10454E-03-1.29900E-02-2.95580E-06
 -1       142-1.10454E-03-1.29900E-02 2.95579E-06
 -1       143-1.09504E-03-1.29959E-02 2.95579E-06
 -1       148-1.09960E-03-1.29874E-02-2.95580E-06
 -1       149-1.09999E-03-1.29986E-02-2.95580E-06
 -1       150-1.09999E-03-1.29986E-02 2.95579E-06
 -1       151-1.09960E-03-1.29874E-02 2.95579E-06
 -1       156-1.09485E-03-1.29904E-02-2.95580E-06
 -1       157-1.10474E-03-1.29956E-02-2.95580E-06
 -1       158-1.10474E-03-1.29956E-02 2.95579E-06
 -1       159-1.09485E-03-1.29904E-02 2.95579E-06
 -1       190 1.83074E-03 9.48192E-07 1.18849E-06
 -1       191 1.87461E-03-9.48192E-07 1.18849E-06
 -1       192 1.87461E-03-9.48192E-07-1.18849E-06
 -1       193 1.83074E-03 9.48192E-07-1.18849E-06
 -1       198 1.86282E-03-1.94696E-05 1.18849E-06
 -1       199 1.84253E-03 1.94696E-05 1.18849E-06
 -1       200 1.84253E-03 1.94696E-05-1.18849E-06
 -1       201 1.86282E-03-1.94696E-05-1.18849E-06
 -1       224 5.31117E-04-6.48726E-03 2.67044E-07
 -1       225 5.24920E-04-6.49897E-03 2.67044E-07
 -1       226 5.24920E-04-6.49897E-03-2.67044E-07
 -1       227 5.31117E-04-6.48726E-03-2.67044E-07
 -1       232 5.24495E-04-6.48750E-03 2.67044E-07
 -1       233 5.31541E-04-6.49873E-03 2.67044E-07
 -1       234 5.31541E-04-6.49873E-03-2.67044E-07
 -1       235 5.24495E-04-6.48750E-03-2.67044E-07
 -1       240 5.34640E-04-6.49287E-03 2.67044E-07
 -1       241 5.21397E-04-6.49336E-03 2.67044E-07
 -1       242 5.21397E-04-6.49336E-03-2.67044E-07
 -1       243 5.34640E-04-6.49287E-03-2.67044E-07
 -1       274-3.73090E-03-8.55943E-03 1.80772E-06
 -1       275-3.72362E-03-8.55402E-03 1.80772E-06
 -1       276-3.72362E-03-8.55402E-03-1.80772E-06
 -1       277-3.73090E-03-8.55943E-03-1.80772E-06
 -1       282-3.72674E-03-8.56123E-03 1.80772E-06
 -1       283-3.72778E-03-8.55222E-03 1.80772E-06
 -1       284-3.72778E-03-8.55222E-03-1.80772E-06
 -1       285-3.72674E-03-8.56123E-03-1.80772E-06
 -1       290-3.73142E-03-8.55493E-03 1.80772E-06
 -1       291-3.72310E-03-8.55852E-03 1.80772E-06
 -1       292-3.72310E-03-8.55852E-03-1.80772E-06
 -1       293-3.73142E-03-8.55493E-03-1.80772E-06
 -3
    1PSTEP                         7           7           1          
  100CL  107 2.17813E-02          52                     1    7           1
 -4  DISP        4    1
 -5  D1          1    2    1    0
 -5  D2          1    2    2    0
 -5  D3          1    2    3    0
 -5  ALL         1    2    0    0    1ALL
 -1       106 0.00000E+00 1.27984E-06 1.27984E-06
 -1       107 0.00000E+00-1.27984E-06 1.27984E-06
 -1       108 0.00000E+00-1.27984E-06-1.27984E-06
 -1       109 0.00000E+00 1.27984E-06-1.27984E-06
 -1       114-1.10837E-06 6.39935E-07 1.27984E-06
 -1       115 1.10837E-06-6.39935E-07 1.27984E-06
 -1       116 1.10837E-06-6.39935E-07-1.27984E-06
 -1       117-1.10837E-06 6.39935E-07-1.27984E-06
 -1       140 3.42526E-03-1.35633E-02-3.46402E-06
 -1       141 3.41450E-03-1.35563E-02-3.46402E-06
 -1       142 3.41450E-03-1.35563E-02 3.46402E-06
 -1       143 3.42526E-03-1.35633E-02 3.46402E-06
 -1       148 3.42020E-03-1.35534E-02-3.46402E-06
 -1       149 3.41956E-03-1.35662E-02-3.46402E-06
 -1       150 3.41956E-03-1.35662E-02 3.46402E-06
 -1       151 3.42020E-03-1.35534E-02 3.46402E-06
 -1       156 3.42558E-03-1.35569E-02-3.46402E-06
 -1       157 3.41418E-03-1.35627E-02-3.46402E-06
 -1       158 3.41418E-03-1.35627E-02 3.46402E-06
 -1       159 3.42558E-03-1.35569E-02 3.46402E-06
 -1       190 8.01010E-03 9.22867E-07 1.19210E-06
 -1       191 8.05654E-03-9.22867E-07 1.19210E-06
 -1       192 8.05654E-03-9.22867E-07-1.19210E-06
 -1       193 8.01010E-03 9.22867E-07-1.19210E-06
 -1       198 8.04413E-03-2.05681E-05 1.19210E-06
 -1       199 8.02251E-03 2.05681E-05 1.19210E-06
 -1       200 8.02251E-03 2.05681E-05-1.19210E-06
 -1       201 8.04413E-03-2.05681E-05-1.19210E-06
 -1       224 6.23735E-03-7.03286E-03 6.51647E-07
 -1       225 6.22756E-03-7.05219E-03 6.51647E-07
 -1       226 6.22756E-03-7.05219E-03-6.51647E-07
 -1       227 6.23735E-03-7.03286E-03-6.51647E-07
 -1       232 6.22653E-03-7.03345E-03 6.51647E-07
 -1       233 6.23838E-03-7.05159E-03 6.51647E-07
 -1       234 6.23838E-03-7.05159E-03-6.51647E-07
 -1       235 6.22653E-03-7.03345E-03-6.51647E-07
 -1       240 6.24327E-03-7.04193E-03 6.51647E-07
 -1       241 6.22164E-03-7.04311E-03 6.51647E-07
 -1       242 6.22164E-03-7.04311E-03-6.51647E-07
 -1       243 6.24327E-03-7.04193E-03-6.51647E-07
 -1       274 2.41864E-03-9.52125E-03 1.83943E-06
 -1       275 2.42612E-03-9.51563E-03 1.83943E-06
 -1       276 2.42612E-03-9.51563E-03-1.83943E-06
 -1       277 2.41864E-03-9.52125E-03-1.83943E-06
 -1       282 2.42295E-03-9.52308E-03 1.83943E-06
 -1       283 2.42181E-03-9.51380E-03 1.83943E-06
 -1       284 2.42181E-03-9.51380E-03-1.83943E-06
 -1       285 2.42295E-03-9.52308E-03-1.83943E-06
 -1       290 2.41808E-03-9.51661E-03 1.83943E-06
 -1       291 2.42668E-03-9.52027E-03 1.83943E-06
 -1       292 2.42668E-03-9.52027E-03-1.83943E-06
 -1       293 2.41808E-03-9.51661E-03-1.83943E-06
 -3
    1PSTEP                         8           8           1          
  100CL  108 3.31719E-02          52                     1    8           1
 -4  DISP        4    1
 -5  D1          1    2    1    0
 -5  D2          1    2    2    0
 -5  D3          1    2    3    0
 -5  ALL         1    2    0    0    1ALL
 -1       106 0.00000E+00 2.54272E-06 2.54272E-06
 -1       107 0.00000E+00-2.54272E-06 2.54272E-06
 -1       108 0.00000E+00-2.54272E-06-2.54272E-06
 -1       109 0.00000E+00 2.54272E-06-2.54272E-06
 -1       114-2.20204E-06 1.27139E-06 2.54272E-06
 -1       115 2.20204E-06-1.27139E-06 2.54272E-06
 -1       116 2.20204E-06-1.27139E-06-2.54272E-06
 -1       117-2.20204E-06 1.27139E-06-2.54272E-06
 -1       140-4.30768E-04-1.12475E-02-2.66081E-06
 -1       141-4.38884E-04-1.12421E-02-2.66081E-06
 -1       142-4.38884E-04-1.12421E-02 2.66081E-06
 -1       143-4.30768E-04-1.12475E-02 2.66081E-06
 -1       148-4.34544E-04-1.12399E-02-2.66081E-06
 -1       149-4.35108E-04-1.12496E-02-2.66081E-06
 -1       150-4.35108E-04-1.12496E-02 2.66081E-06
 -1       151-4.34544E-04-1.12399E-02 2.66081E-06
 -1       156-4.30485E-04-1.12426E-02-2.66081E-06
 -1       157-4.39166E-04-1.12470E-02-2.66081E-06
 -1       158-4.39166E-04-1.12470E-02 2.66081E-06
 -1       159-4.30485E-04-1.12426E-02 2.66081E-06
 -1       190 2.14423E-03 8.67220E-07 1.03811E-06
 -1       191 2.18122E-03-8.67220E-07 1.03811E-06
 -1       192 2.18122E-03-8.67220E-07-1.03811E-06
 -1       193 2.14423E-03 8.67220E-07-1.03811E-06
 -1       198 2.17123E-03-1.64516E-05 1.03811E-06
 -1       199 2.15423E-03 1.64516E-05 1.03811E-06
 -1       200 2.15423E-03 1.64516E-05-1.03811E-06
 -1       201 2.17123E-03-1.64516E-05-1.03811E-06
 -1       224 1.09189E-03-5.14598E-03 1.62622E-07
 -1       225 1.08600E-03-5.15676E-03 1.62622E-07
 -1       226 1.08600E-03-5.15676E-03-1.62621E-07
 -1       227 1.09189E-03-5.14598E-03-1.62621E-07
 -1       232 1.08575E-03-5.14613E-03 1.62622E-07
 -1       233 1.09214E-03-5.15661E-03 1.62622E-07
 -1       234 1.09214E-03-5.15661E-03-1.62621E-07
 -1       235 1.08575E-03-5.14613E-03-1.62621E-07
 -1       240 1.09508E-03-5.15123E-03 1.62622E-07
 -1       241 1.08281E-03-5.15151E-03 1.62622E-07
 -1       242 1.08281E-03-5.15151E-03-1.62621E-07
 -1       243 1.09508E-03-5.15123E-03-1.62621E-07
 -1       274-2.40910E-03-6.89613E-03 1.39074E-06
 -1       275-2.40312E-03-6.89131E-03 1.39074E-06
 -1       276-2.40312E-03-6.89131E-03-1.39074E-06
 -1       277-2.40910E-03-6.89613E-03-1.39074E-06
 -1       282-2.40552E-03-6.89751E-03 1.39074E-06
 -1       283-2.40670E-03-6.88993E-03 1.39074E-06
 -1       284-2.40670E-03-6.88993E-03-1.39074E-06
 -1       285-2.40552E-03-6.89751E-03-1.39074E-06
 -1       290-2.40969E-03-6.89234E-03 1.39074E-06
 -1       291-2.40253E-03-6.89510E-03 1.39074E-06
 -1       292-2.40253E-03-6.89510E-03-1.39074E-06
 -1       293-2.40969E-03-6.89234E-03-1.39074E-06
 -3
    1PSTEP                         9           9           1          
  100CL  109 5.02578E-02          52                     1    9           1
 -4  DISP        4    1
 -5  D1          1    2    1    0
 -5  D2          1    2    2    0
 -5  D3          1    2    3    0
 -5  ALL         1    2    0    0    1ALL
 -1       106 0.00000E+00 1.79668E-06 1.79668E-06
 -1       107 0.00000E+00-1.79668E-06 1.79668E-06
 -1       108 0.00000E+00-1.79668E-06-1.79668E-06
 -1       109 0.00000E+00 1.79668E-06-1.79668E-06
 -1       114-1.55596E-06 8.98360E-07 1.79668E-06
 -1       115 1.55596E-06-8.98360E-07 1.79668E-06
 -1       116 1.55596E-06-8.98360E-07-1.79668E-06
 -1       117-1.55596E-06 8.98360E-07-1.79668E-06
 -1       140 2.71110E-03-1.43191E-02-3.55435E-06
 -1       141 2.69981E-03-1.43120E-02-3.55435E-06
 -1       142 2.69981E-03-1.43120E-02 3.55434E-06
 -1       143 2.71110E-03-1.43191E-02 3.55434E-06
 -1       148 2.70572E-03-1.43089E-02-3.55435E-06
 -1       149 2.70518E-03-1.43222E-02-3.55435E-06
 -1       150 2.70518E-03-1.43222E-02 3.55434E-06
 -1       151 2.70572E-03-1.43089E-02 3.55434E-06
 -1       156 2.71137E-03-1.43125E-02-3.55435E-06
 -1       157 2.69954E-03-1.43187E-02-3.55435E-06
 -1       158 2.69954E-03-1.43187E-02 3.55434E-06
 -1       159 2.71137E-03-1.43125E-02 3.55434E-06
 -1       190 7.30995E-03 9.49807E-07 1.25441E-06
 -1       191 7.35934E-03-9.49807E-07 1.25441E-06
 -1       192 7.35934E-03-9.49807E-07-1.25444E-06
 -1       193 7.30995E-03 9.49807E-07-1.25444E-06
 -1       198 7.34617E-03-2.18624E-05 1.25441E-06
 -1       199 7.32312E-03 2.18624E-05 1.25441E-06
 -1       200 7.32312E-03 2.18624E-05-1.25444E-06
 -1       201 7.34617E-03-2.18624E-05-1.25444E-06
 -1       224 5.46113E-03-7.60989E-03 6.63807E-07
 -1       225 5.45152E-03-7.62896E-03 6.63807E-07
 -1       226 5.45152E-03-7.62896E-03-6.63808E-07
 -1       227 5.46113E-03-7.60989E-03-6.63808E-07
 -1       232 5.45047E-03-7.61049E-03 6.63807E-07
 -1       233 5.46218E-03-7.62835E-03 6.63807E-07
 -1       234 5.46218E-03-7.62835E-03-6.63808E-07
 -1       235 5.45047E-03-7.61049E-03-6.63808E-07
 -1       240 5.46699E-03-7.61882E-03 6.63807E-07
 -1       241 5.44567E-03-7.62003E-03 6.63807E-07
 -1       242 5.44567E-03-7.62003E-03-6.63808E-07
 -1       243 5.46699E-03-7.61882E-03-6.63808E-07
 -1       274 1.25223E-03-1.02091E-02 2.03046E-06
 -1       275 1.26029E-03-1.02033E-02 2.03046E-06
 -1       276 1.26029E-03-1.02033E-02-2.03047E-06
 -1       277 1.25223E-03-1.02091E-02-2.03047E-06
 -1       282 1.25679E-03-1.02112E-02 2.03046E-06
 -1       283 1.25573E-03-1.02013E-02 2.03046E-06
 -1       284 1.25573E-03-1.02013E-02-2.03047E-06
 -1       285 1.25679E-03-1.02112E-02-2.03047E-06
 -1       290 1.25170E-03-1.02042E-02 2.03046E-06
 -1       291 1.26082E-03-1.02082E-02 2.03046E-06
 -1       292 1.26082E-03-1.02082E-02-2.03047E-06
 -1       293 1.25170E-03-1.02042E-02-2.03047E-06
 -3
    1PSTEP                        10          10           1          
  100CL  110 7.58867E-02          52                     1   10           1
 -4  DISP        4    1
 -5  D1          1    2    1    0
 -5  D2          1    2    2    0
 -5  D3          1    2    3    0
 -5  ALL         1    2    0    0    1ALL
 -1       106 0.00000E+00 2.19867E-06 2.19867E-06
 -1       107 0.00000E+00-2.19867E-06 2.19867E-06
 -1       108 0.00000E+00-2.19867E-06-2.19867E-06
 -1       109 0.00000E+00 2.19867E-06-2.19867E-06
 -1       114-1.90409E-06 1.09936E-06 2.19867E-06
 -1       115 1.90409E-06-1.09936E-06 2.19867E-06
 -1       116 1.90409E-06-1.09936E-06-2.19867E-06
 -1       117-1.90409E-06 1.09936E-06-2.19867E-06
 -1       140 2.07601E-04-1.10683E-02-2.68096E-06
 -1       141 1.99529E-04-1.10629E-02-2.68096E-06
 -1       142 1.99529E-04-1.10629E-02 2.68095E-06
 -1       143 2.07601E-04-1.10683E-02 2.68095E-06
 -1       148 2.03876E-04-1.10608E-02-2.68096E-06
 -1       149 2.03254E-04-1.10705E-02-2.68096E-06
 -1       150 2.03254E-04-1.10705E-02 2.68095E-06
 -1       151 2.03876E-04-1.10608E-02 2.68095E-06
 -1       156 2.07912E-04-1.10635E-02-2.68096E-06
 -1       157 1.99218E-04-1.10678E-02-2.68096E-06
 -1       158 1.99218E-04-1.10678E-02 2.68095E-06
 -1       159 2.07912E-04-1.10635E-02 2.68095E-06
 -1       190 2.93124E-03 8.47988E-07 1.01269E-06
 -1       191 2.96756E-03-8.47988E-07 1.01269E-06
 -1       192 2.96756E-03-8.47988E-07-1.01273E-06
 -1       193 2.93124E-03 8.47988E-07-1.01273E-06
 -1       198 2.95775E-03-1.61501E-05 1.01269E-06
 -1       199 2.94106E-03 1.61501E-05 1.01269E-06
 -1       200 2.94106E-03 1.61501E-05-1.01273E-06
 -1       201 2.95775E-03-1.61501E-05-1.01273E-06
 -1       224 1.86095E-03-5.01497E-03 1.94691E-07
 -1       225 1.85467E-03-5.02653E-03 1.94691E-07
 -1       226 1.85467E-03-5.02653E-03-1.94692E-07
 -1       227 1.86095E-03-5.01497E-03-1.94692E-07
 -1       232 1.85437E-03-5.01514E-03 1.94691E-07
 -1       233 1.86125E-03-5.02636E-03 1.94691E-07
 -1       234 1.86125E-03-5.02636E-03-1.94692E-07
 -1       235 1.85437E-03-5.01514E-03-1.94692E-07
 -1       240 1.86439E-03-5.02058E-03 1.94691E-07
 -1       241 1.85124E-03-5.02092E-03 1.94691E-07
 -1       242 1.85124E-03-5.02092E-03-1.94692E-07
 -1       243 1.86439E-03-5.02058E-03-1.94692E-07
 -1       274-1.47970E-03-6.76989E-03 1.33386E-06
 -1       275-1.47388E-03-6.76513E-03 1.33386E-06
 -1       276-1.47388E-03-6.76513E-03-1.33387E-06
 -1       277-1.47970E-03-6.76989E-03-1.33387E-06
 -1       282-1.47618E-03-6.77121E-03 1.33386E-06
 -1       283-1.47740E-03-6.76380E-03 1.33386E-06
 -1       284-1.47740E-03-6.76380E-03-1.33387E-06
 -1       285-1.47618E-03-6.77121E-03-1.33387E-06
 -1       290-1.48030E-03-6.76618E-03 1.33386E-06
 -1       291-1.47328E-03-6.76883E-03 1.33386E-06
 -1       292-1.47328E-03-6.76883E-03-1.33387E-06
 -1       293-1.48030E-03-6.76618E-03-1.33387E-06
 -3
    1PSTEP                        11          11           1          
  100CL  111 1.14330E-01          52                     1   11           1
 -4  DISP        4    1
 -5  D1          1    2    1    0
 -5  D2          1    2    2    0
 -5  D3          1    2    3    0
 -5  ALL         1    2    0    0    1ALL
 -1       106 0.00000E+00 2.01547E-06 2.01547E-06
 -1       107 0.00000E+00-2.01547E-06 2.01547E-06
 -1       108 0.00000E+00-2.01547E-06-2.01547E-06
 -1       109 0.00000E+00 2.01547E-06-2.01547E-06
 -1       114-1.74543E-06 1.00776E-06 2.01547E-06
 -1       115 1.74543E-06-1.00776E-06 2.01547E-06
 -1       116 1.74543E-06-1.00776E-06-2.01547E-06
 -1       117-1.74543E-06 1.00776E-06-2.01547E-06
 -1       140 2.17941E-03-1.41845E-02-3.48049E-06
 -1       141 2.16833E-03-1.41775E-02-3.48049E-06
 -1       142 2.16833E-03-1.41775E-02 3.48043E-06
 -1       143 2.17941E-03-1.41845E-02 3.48043E-06
 -1       148 2.17413E-03-1.41744E-02-3.48049E-06
 -1       149 2.17361E-03-1.41875E-02-3.48049E-06
 -1       150 2.17361E-03-1.41875E-02 3.48043E-06
 -1       151 2.17413E-03-1.41744E-02 3.48043E-06
 -1       156 2.17967E-03-1.41779E-02-3.48049E-06
 -1       157 2.16807E-03-1.41840E-02-3.48049E-06
 -1       158 2.16807E-03-1.41840E-02 3.48043E-06
 -1       159 2.17967E-03-1.41779E-02 3.48043E-06
 -1       190 6.56202E-03 9.50739E-07 1.24834E-06
 -1       191 6.61085E-03-9.50739E-07 1.24834E-06
 -1       192 6.61085E-03-9.50739E-07-1.24856E-06
 -1       193 6.56202E-03 9.50739E-07-1.24856E-06
 -1       198 6.59782E-03-2.16190E-05 1.24834E-06
 -1       199 6.57505E-03 2.16190E-05 1.24834E-06
 -1       200 6.57505E-03 2.16190E-05-1.24856E-06
 -1       201 6.59782E-03-2.16190E-05-1.24856E-06
 -1       224 4.77822E-03-7.49721E-03 6.14480E-07
 -1       225 4.76907E-03-7.51531E-03 6.14480E-07
 -1       226 4.76907E-03-7.51531E-03-6.14498E-07
 -1       227 4.77822E-03-7.49721E-03-6.14498E-07
 -1       232 4.76810E-03-7.49778E-03 6.14480E-07
 -1       233 4.77920E-03-7.51475E-03 6.14480E-07
 -1       234 4.77920E-03-7.51475E-03-6.14498E-07
 -1       235 4.76810E-03-7.49778E-03-6.14498E-07
 -1       240 4.78377E-03-7.50570E-03 6.14480E-07
 -1       241 4.76352E-03-7.50682E-03 6.14480E-07
 -1       242 4.76352E-03-7.50682E-03-6.14498E-07
 -1       243 4.78377E-03-7.50570E-03-6.14498E-07
 -1       274 5.43346E-04-1.00332E-02 2.01203E-06
 -1       275 5.51335E-04-1.00274E-02 2.01203E-06
 -1       276 5.51335E-04-1.00274E-02-2.01214E-06
 -1       277 5.43346E-04-1.00332E-02-2.01214E-06
 -1       282 5.47867E-04-1.00352E-02 2.01203E-06
 -1       283 5.46814E-04-1.00254E-02 2.01203E-06
 -1       284 5.46814E-04-1.00254E-02-2.01214E-06
 -1       285 5.47867E-04-1.00352E-02-2.01214E-06
 -1       290 5.42820E-04-1.00283E-02 2.01203E-06
 -1       291 5.51861E-04-1.00323E-02 2.01203E-06
 -1       292 5.51861E-04-1.00323E-02-2.01214E-06
 -1       293 5.42820E-04-1.00283E-02-2.01214E-06
 -3
    1PSTEP                        12          12           1          
  100CL  112 1.71995E-01          52                     1   12           1
 -4  DISP        4    1
 -5  D1          1    2    1    0
 -5  D2          1    2    2    0
 -5  D3          1    2    3    0
 -5  ALL         1    2    0    0    1ALL
 -1       106 0.00000E+00 2.06562E-06 2.06562E-06
 -1       107 0.00000E+00-2.06562E-06 2.06562E-06
 -1       108 0.00000E+00-2.06562E-06-2.06562E-06
 -1       109 0.00000E+00 2.06562E-06-2.06562E-06
 -1       114-1.78887E-06 1.03283E-06 2.06562E-06
 -1       115 1.78887E-06-1.03283E-06 2.06562E-06
 -1       116 1.78887E-06-1.03283E-06-2.06562E-06
 -1       117-1.78887E-06 1.03283E-06-2.06562E-06
 -1       140 6.36610E-04-1.13586E-02-2.77693E-06
 -1       141 6.28215E-04-1.13530E-02-2.77693E-06
 -1       142 6.28215E-04-1.13530E-02 2.77693E-06
 -1       143 6.36610E-04-1.13586E-02 2.77693E-06
 -1       148 6.32727E-04-1.13507E-02-2.77693E-06
 -1       149 6.32099E-04-1.13608E-02-2.77693E-06
 -1       150 6.32099E-04-1.13608E-02 2.77693E-06
 -1       151 6.32727E-04-1.13507E-02 2.77693E-06
 -1       156 6.36924E-04-1.13535E-02-2.77693E-06
 -1       157 6.27902E-04-1.13580E-02-2.77693E-06
 -1       158 6.27902E-04-1.13580E-02 2.77693E-06
 -1       159 6.36924E-04-1.13535E-02 2.77693E-06
 -1       190 3.59404E-03 8.58357E-07 1.03392E-06
 -1       191 3.63154E-03-8.58357E-07 1.03392E-06
 -1       192 3.63154E-03-8.58357E-07-1.03391E-06
 -1       193 3.59404E-03 8.58357E-07-1.03391E-06
 -1       198 3.62142E-03-1.66645E-05 1.03392E-06
 -1       199 3.60416E-03 1.66645E-05 1.03392E-06
 -1       200 3.60416E-03 1.66645E-05-1.03391E-06
 -1       201 3.62142E-03-1.66645E-05-1.03391E-06
 -1       224 2.43880E-03-5.24857E-03 2.52915E-07
 -1       225 2.43207E-03-5.26112E-03 2.52915E-07
 -1       226 2.43207E-03-5.26112E-03-2.52896E-07
 -1       227 2.43880E-03-5.24857E-03-2.52896E-07
 -1       232 2.43168E-03-5.24879E-03 2.52915E-07
 -1       233 2.43919E-03-5.26089E-03 2.52916E-07
 -1       234 2.43919E-03-5.26089E-03-2.52896E-07
 -1       235 2.43168E-03-5.24879E-03-2.52896E-07
 -1       240 2.44255E-03-5.25461E-03 2.52916E-07
 -1       241 2.42832E-03-5.25507E-03 2.52915E-07
 -1       242 2.42832E-03-5.25507E-03-2.52896E-07
 -1       243 2.44255E-03-5.25461E-03-2.52896E-07
 -1       274-9.49621E-04-7.09239E-03 1.39093E-06
 -1       275-9.43618E-04-7.08753E-03 1.39093E-06
 -1       276-9.43618E-04-7.08753E-03-1.39087E-06
 -1       277-9.49621E-04-7.09239E-03-1.39087E-06
 -1       282-9.46016E-04-7.09377E-03 1.39093E-06
 -1       283-9.47223E-04-7.08614E-03 1.39093E-06
 -1       284-9.47223E-04-7.08614E-03-1.39087E-06
 -1       285-9.46016E-04-7.09377E-03-1.39087E-06
 -1       290-9.50224E-04-7.08857E-03 1.39093E-06
 -1       291-9.43015E-04-7.09134E-03 1.39093E-06
 -1       292-9.43015E-04-7.09134E-03-1.39087E-06
 -1       293-9.50224E-04-7.08857E-03-1.39087E-06
 -3
    1PSTEP                        13          13           1          
  100CL  113 2.58493E-01          52                     1   13           1
 -4  DISP        4    1
 -5  D1          1    2    1    0
 -5  D2          1    2    2    0
 -5  D3          1    2    3    0
 -5  ALL         1    2    0    0    1ALL
 -1       106 0.00000E+00 2.09184E-06 2.09184E-06
 -1       107 0.00000E+00-2.09184E-06 2.09184E-06
 -1       108 0.00000E+00-2.09184E-06-2.09184E-06
 -1       109 0.00000E+00 2.09184E-06-2.09184E-06
 -1       114-1.81158E-06 1.04595E-06 2.09184E-06
 -1       115 1.81158E-06-1.04595E-06 2.09184E-06
 -1       116 1.81158E-06-1.04595E-06-2.09184E-06
 -1       117-1.81158E-06 1.04595E-06-2.09184E-06
 -1       140 1.83864E-03-1.38318E-02-3.37954E-06
 -1       141 1.82792E-03-1.38250E-02-3.37954E-06
 -1       142 1.82792E-03-1.38250E-02 3.37928E-06
 -1       143 1.83864E-03-1.38318E-02 3.37928E-06
 -1       148 1.83354E-03-1.38221E-02-3.37954E-06
 -1       149 1.83302E-03-1.38348E-02-3.37954E-06
 -1       150 1.83302E-03-1.38348E-02 3.37928E-06
 -1       151 1.83354E-03-1.38221E-02 3.37928E-06
 -1       156 1.83890E-03-1.38255E-02-3.37954E-06
 -1       157 1.82766E-03-1.38314E-02-3.37954E-06
 -1       158 1.82766E-03-1.38314E-02 3.37928E-06
 -1       159 1.83890E-03-1.38255E-02 3.37928E-06
 -1       190 5.99552E-03 9.44954E-07 1.22507E-06
 -1       191 6.04292E-03-9.44954E-07 1.22507E-06
 -1       192 6.04292E-03-9.44954E-07-1.22609E-06
 -1       193 5.99552E-03 9.44954E-07-1.22609E-06
 -1       198 6.03025E-03-2.10003E-05 1.22507E-06
 -1       199 6.00818E-03 2.10003E-05 1.22507E-06
 -1       200 6.00818E-03 2.10003E-05-1.22610E-06
 -1       201 6.03025E-03-2.10003E-05-1.22609E-06
 -1       224 4.30123E-03-7.21541E-03 5.59653E-07
 -1       225 4.29250E-03-7.23258E-03 5.59653E-07
 -1       226 4.29250E-03-7.23258E-03-5.59756E-07
 -1       227 4.30123E-03-7.21541E-03-5.59755E-07
 -1       232 4.29161E-03-7.21592E-03 5.59653E-07
 -1       233 4.30212E-03-7.23207E-03 5.59653E-07
 -1       234 4.30212E-03-7.23207E-03-5.59756E-07
 -1       235 4.29161E-03-7.21592E-03-5.59755E-07
 -1       240 4.30649E-03-7.22348E-03 5.59653E-07
 -1       241 4.28725E-03-7.22451E-03 5.59653E-07
 -1       242 4.28725E-03-7.22451E-03-5.59755E-07
 -1       243 4.30649E-03-7.22348E-03-5.59756E-07
 -1       274 1.50544E-04-9.65526E-03 1.93813E-06
 -1       275 1.58292E-04-9.64956E-03 1.93813E-06
 -1       276 1.58292E-04-9.64956E-03-1.93867E-06
 -1       277 1.50544E-04-9.65526E-03-1.93867E-06
 -1       282 1.54952E-04-9.65719E-03 1.93813E-06
 -1       283 1.53884E-04-9.64763E-03 1.93813E-06
 -1       284 1.53884E-04-9.64763E-03-1.93867E-06
 -1       285 1.54952E-04-9.65719E-03-1.93867E-06
 -1       290 1.50010E-04-9.65048E-03 1.93813E-06
 -1       291 1.58826E-04-9.65434E-03 1.93813E-06
 -1       292 1.58826E-04-9.65434E-03-1.93867E-06
 -1       293 1.50010E-04-9.65048E-03-1.93867E-06
 -3
    1PSTEP                        14          14           1          
  100CL  114 3.58493E-01          52                     1   14           1
 -4  DISP        4    1
 -5  D1          1    2    1    0
 -5  D2          1    2    2    0
 -5  D3          1    2    3    0
 -5  ALL         1    2    0    0    1ALL
 -1       106 0.00000E+00 2.02068E-06 2.02068E-06
 -1       107 0.00000E+00-2.02068E-06 2.02068E-06
 -1       108 0.00000E+00-2.02068E-06-2.02068E-06
 -1       109 0.00000E+00 2.02068E-06-2.02068E-06
 -1       114-1.74995E-06 1.01036E-06 2.02068E-06
 -1       115 1.74995E-06-1.01036E-06 2.02068E-06
 -1       116 1.74995E-06-1.01036E-06-2.02068E-06
 -1       117-1.74995E-06 1.01036E-06-2.02068E-06
 -1       140 9.10589E-04-1.17106E-02-2.87150E-06
 -1       141 9.01845E-04-1.17048E-02-2.87150E-06
 -1       142 9.01845E-04-1.17048E-02 2.87179E-06
 -1       143 9.10589E-04-1.17106E-02 2.87179E-06
 -1       148 9.06526E-04-1.17025E-02-2.87150E-06
 -1       149 9.05908E-04-1.17129E-02-2.87150E-06
 -1       150 9.05908E-04-1.17129E-02 2.87179E-06
 -1       151 9.06526E-04-1.17025E-02 2.87179E-06
 -1       156 9.10898E-04-1.17053E-02-2.87150E-06
 -1       157 9.01536E-04-1.17100E-02-2.87150E-06
 -1       158 9.01536E-04-1.17100E-02 2.87179E-06
 -1       159 9.10898E-04-1.17053E-02 2.87179E-06
 -1       190 4.07191E-03 8.73445E-07 1.06300E-06
 -1       191 4.11082E-03-8.73445E-07 1.06300E-06
 -1       192 4.11082E-03-8.73445E-07-1.06198E-06
 -1       193 4.07191E-03 8.73445E-07-1.06198E-06
 -1       198 4.10033E-03-1.72843E-05 1.06300E-06
 -1       199 4.08239E-03 1.72843E-05 1.06301E-06
 -1       200 4.08239E-03 1.72843E-05-1.06198E-06
 -1       201 4.10033E-03-1.72843E-05-1.06198E-06
 -1       224 2.83231E-03-5.52928E-03 3.04889E-07
 -1       225 2.82523E-03-5.54265E-03 3.04889E-07
 -1       226 2.82523E-03-5.54265E-03-3.04713E-07
 -1       227 2.83231E-03-5.52928E-03-3.04713E-07
 -1       232 2.82475E-03-5.52955E-03 3.04889E-07
 -1       233 2.83279E-03-5.54237E-03 3.04889E-07
 -1       234 2.83279E-03-5.54237E-03-3.04713E-07
 -1       235 2.82475E-03-5.52955E-03-3.04713E-07
 -1       240 2.83633E-03-5.53569E-03 3.04889E-07
 -1       241 2.82121E-03-5.53624E-03 3.04889E-07
 -1       242 2.82121E-03-5.53624E-03-3.04713E-07
 -1       243 2.83633E-03-5.53569E-03-3.04713E-07
 -1       274-6.49704E-04-7.46468E-03 1.46659E-06
 -1       275-6.43458E-04-7.45970E-03 1.46659E-06
 -1       276-6.43458E-04-7.45970E-03-1.46586E-06
 -1       277-6.49704E-04-7.46468E-03-1.46586E-06
 -1       282-6.45986E-04-7.46614E-03 1.46659E-06
 -1       283-6.47176E-04-7.45824E-03 1.46659E-06
 -1       284-6.47176E-04-7.45824E-03-1.46586E-06
 -1       285-6.45986E-04-7.46614E-03-1.46586E-06
 -1       290-6.50299E-04-7.46073E-03 1.46659E-06
 -1       291-6.42863E-04-7.46365E-03 1.46659E-06
 -1       292-6.42863E-04-7.46365E-03-1.46586E-06
 -1       293-6.50299E-04-7.46073E-03-1.46586E-06
 -3
    1PSTEP                        15          15           1          
  100CL  115 4.58493E-01          52                     1   15           1
 -4  DISP        4    1
 -5  D1          1    2    1    0
 -5  D2          1    2    2    0
 -5  D3          1    2    3    0
 -5  ALL         1    2    0    0    1ALL
 -1       106 0.00000E+00 2.12377E-06 2.12377E-06
 -1       107 0.00000E+00-2.12377E-06 2.12377E-06
 -1       108 0.00000E+00-2.12377E-06-2.12377E-06
 -1       109 0.00000E+00 2.12377E-06-2.12377E-06
 -1       114-1.83923E-06 1.06191E-06 2.12377E-06
 -1       115 1.83923E-06-1.06191E-06 2.12377E-06
 -1       116 1.83923E-06-1.06191E-06-2.12377E-06
 -1       117-1.83923E-06 1.06191E-06-2.12377E-06
 -1       140 1.61025E-03-1.35153E-02-3.29582E-06
 -1       141 1.59984E-03-1.35087E-02-3.29582E-06
 -1       142 1.59984E-03-1.35087E-02 3.29533E-06
 -1       143 1.61025E-03-1.35153E-02 3.29533E-06
 -1       148 1.60531E-03-1.35058E-02-3.29582E-06
 -1       149 1.60478E-03-1.35181E-02-3.29582E-06
 -1       150 1.60478E-03-1.35181E-02 3.29533E-06
 -1       151 1.60531E-03-1.35058E-02 3.29533E-06
 -1       156 1.61051E-03-1.35091E-02-3.29582E-06
 -1       157 1.59957E-03-1.35148E-02-3.29582E-06
 -1       158 1.59957E-03-1.35148E-02 3.29533E-06
 -1       159 1.61051E-03-1.35091E-02 3.29533E-06
 -1       190 5.58956E-03 9.38282E-07 1.20311E-06
 -1       191 5.63569E-03-9.38282E-07 1.20311E-06
 -1       192 5.63569E-03-9.38282E-07-1.20498E-06
 -1       193 5.58956E-03 9.38282E-07-1.20498E-06
 -1       198 5.62335E-03-2.04458E-05 1.20311E-06
 -1       199 5.60190E-03 2.04458E-05 1.20311E-06
 -1       200 5.60190E-03 2.04458E-05-1.20498E-06
 -1       201 5.62335E-03-2.04458E-05-1.20498E-06
 -1       224 3.96978E-03-6.96323E-03 5.15657E-07
 -1       225 3.96136E-03-6.97970E-03 5.15657E-07
 -1       226 3.96136E-03-6.97970E-03-5.15879E-07
 -1       227 3.96978E-03-6.96323E-03-5.15878E-07
 -1       232 3.96054E-03-6.96370E-03 5.15657E-07
 -1       233 3.97060E-03-6.97923E-03 5.15657E-07
 -1       234 3.97060E-03-6.97923E-03-5.15879E-07
 -1       235 3.96054E-03-6.96370E-03-5.15878E-07
 -1       240 3.97481E-03-6.97099E-03 5.15657E-07
 -1       241 3.95634E-03-6.97194E-03 5.15657E-07
 -1       242 3.95634E-03-6.97194E-03-5.15878E-07
 -1       243 3.97481E-03-6.97099E-03-5.15878E-07
 -1       274-9.41371E-05-9.32187E-03 1.86978E-06
 -1       275-8.66080E-05-9.31627E-03 1.86978E-06
 -1       276-8.66080E-05-9.31627E-03-1.87086E-06
 -1       277-9.41371E-05-9.32187E-03-1.87086E-06
 -1       282-8.98315E-05-9.32373E-03 1.86978E-06
 -1       283-9.09137E-05-9.31441E-03 1.86978E-06
 -1       284-9.09137E-05-9.31441E-03-1.87086E-06
 -1       285-8.98315E-05-9.32373E-03-1.87086E-06
 -1       290-9.46781E-05-9.31721E-03 1.86978E-06
 -1       291-8.60670E-05-9.32093E-03 1.86978E-06
 -1       292-8.60670E-05-9.32093E-03-1.87086E-06
 -1       293-9.46781E-05-9.31721E-03-1.87086E-06
 -3
    1PSTEP                        16          16           1          
  100CL  116 5.58493E-01          52                     1   16           1
 -4  DISP        4    1
 -5  D1          1    2    1    0
 -5  D2          1    2    2    0
 -5  D3          1    2    3    0
 -5  ALL         1    2    0    0    1ALL
 -1       106 0.00000E+00 1.99565E-06 1.99565E-06
 -1       107 0.00000E+00-1.99565E-06 1.99565E-06
 -1       108 0.00000E+00-1.99565E-06-1.99565E-06
 -1       109 0.00000E+00 1.99565E-06-1.99565E-06
 -1       114-1.72827E-06 9.97848E-07 1.99565E-06
 -1       115 1.72827E-06-9.97848E-07 1.99565E-06
 -1       116 1.72827E-06-9.97848E-07-1.99565E-06
 -1       117-1.72827E-06 9.97848E-07-1.99565E-06
 -1       140 1.10390E-03-1.19868E-02-2.94392E-06
 -1       141 1.09489E-03-1.19809E-02-2.94392E-06
 -1       142 1.09489E-03-1.19809E-02 2.94425E-06
 -1       143 1.10390E-03-1.19868E-02 2.94425E-06
 -1       148 1.09970E-03-1.19785E-02-2.94392E-06
 -1       149 1.09909E-03-1.19892E-02-2.94392E-06
 -1       150 1.09909E-03-1.19892E-02 2.94425E-06
 -1       151 1.09970E-03-1.19785E-02 2.94425E-06
 -1       156 1.10421E-03-1.19814E-02-2.94392E-06
 -1       157 1.09458E-03-1.19863E-02-2.94392E-06
 -1       158 1.09458E-03-1.19863E-02 2.94425E-06
 -1       159 1.10421E-03-1.19814E-02 2.94425E-06
 -1       190 4.41821E-03 8.84756E-07 1.08536E-06
 -1       191 4.45823E-03-8.84756E-07 1.08536E-06
 -1       192 4.45823E-03-8.84756E-07-1.08410E-06
 -1       193 4.41821E-03 8.84756E-07-1.08410E-06
 -1       198 4.44746E-03-1.77701E-05 1.08536E-06
 -1       199 4.42898E-03 1.77702E-05 1.08536E-06
 -1       200 4.42898E-03 1.77701E-05-1.08410E-06
 -1       201 4.44746E-03-1.77702E-05-1.08410E-06
 -1       224 3.11407E-03-5.74930E-03 3.43783E-07
 -1       225 3.10672E-03-5.76328E-03 3.43783E-07
 -1       226 3.10672E-03-5.76328E-03-3.43619E-07
 -1       227 3.11407E-03-5.74930E-03-3.43619E-07
 -1       232 3.10618E-03-5.74961E-03 3.43783E-07
 -1       233 3.11461E-03-5.76296E-03 3.43783E-07
 -1       234 3.11461E-03-5.76296E-03-3.43619E-07
 -1       235 3.10618E-03-5.74961E-03-3.43619E-07
 -1       240 3.11829E-03-5.75598E-03 3.43783E-07
 -1       241 3.10251E-03-5.75660E-03 3.43783E-07
 -1       242 3.10251E-03-5.75660E-03-3.43619E-07
 -1       243 3.11829E-03-5.75598E-03-3.43619E-07
 -1       274-4.44532E-04-7.75515E-03 1.52625E-06
 -1       275-4.38095E-04-7.75007E-03 1.52626E-06
 -1       276-4.38095E-04-7.75007E-03-1.52547E-06
 -1       277-4.44532E-04-7.75515E-03-1.52547E-06
 -1       282-4.40725E-04-7.75667E-03 1.52625E-06
 -1       283-4.41902E-04-7.74855E-03 1.52626E-06
 -1       284-4.41902E-04-7.74855E-03-1.52547E-06
 -1       285-4.40725E-04-7.75667E-03-1.52547E-06
 -1       290-4.45121E-04-7.75109E-03 1.52625E-06
 -1       291-4.37507E-04-7.75413E-03 1.52625E-06
 -1       292-4.37507E-04-7.75413E-03-1.52547E-06
 -1       293-4.45121E-04-7.75109E-03-1.52547E-06
 -3
    1PSTEP                        17          17           1          
  100CL  117 6.58493E-01          52                     1   17           1
 -4  DISP        4    1
 -5  D1          1    2    1    0
 -5  D2          1    2    2    0
 -5  D3          1    2    3    0
 -5  ALL         1    2    0    0    1ALL
 -1       106 0.00000E+00 2.14309E-06 2.14309E-06
 -1       107 0.00000E+00-2.14309E-06 2.14309E-06
 -1       108 0.00000E+00-2.14309E-06-2.14309E-06
 -1       109 0.00000E+00 2.14309E-06-2.14309E-06
 -1       114-1.85596E-06 1.07157E-06 2.14309E-06
 -1       115 1.85596E-06-1.07157E-06 2.14309E-06
 -1       116 1.85596E-06-1.07157E-06-2.14309E-06
 -1       117-1.85596E-06 1.07157E-06-2.14309E-06
 -1       140 1.44722E-03-1.32749E-02-3.23297E-06
 -1       141 1.43705E-03-1.32684E-02-3.23297E-06
 -1       142 1.43705E-03-1.32684E-02 3.23271E-06
 -1       143 1.44722E-03-1.32749E-02 3.23271E-06
 -1       148 1.44240E-03-1.32656E-02-3.23297E-06
 -1       149 1.44187E-03-1.32777E-02-3.23297E-06
 -1       150 1.44187E-03-1.32777E-02 3.23271E-06
 -1       151 1.44240E-03-1.32656E-02 3.23271E-06
 -1       156 1.44749E-03-1.32688E-02-3.23297E-06
 -1       157 1.43678E-03-1.32744E-02-3.23297E-06
 -1       158 1.43678E-03-1.32744E-02 3.23271E-06
 -1       159 1.44749E-03-1.32688E-02 3.23271E-06
 -1       190 5.29506E-03 9.32409E-07 1.18662E-06
 -1       191 5.34023E-03-9.32410E-07 1.18662E-06
 -1       192 5.34023E-03-9.32409E-07-1.18771E-06
 -1       193 5.29506E-03 9.32410E-07-1.18771E-06
 -1       198 5.32813E-03-2.00246E-05 1.18662E-06
 -1       199 5.30716E-03 2.00246E-05 1.18662E-06
 -1       200 5.30716E-03 2.00246E-05-1.18771E-06
 -1       201 5.32813E-03-2.00246E-05-1.18771E-06
 -1       224 3.73106E-03-6.77184E-03 4.82948E-07
 -1       225 3.72288E-03-6.78779E-03 4.82947E-07
 -1       226 3.72288E-03-6.78779E-03-4.83033E-07
 -1       227 3.73106E-03-6.77184E-03-4.83033E-07
 -1       232 3.72211E-03-6.77228E-03 4.82948E-07
 -1       233 3.73183E-03-6.78735E-03 4.82947E-07
 -1       234 3.73183E-03-6.78735E-03-4.83033E-07
 -1       235 3.72211E-03-6.77228E-03-4.83033E-07
 -1       240 3.73592E-03-6.77937E-03 4.82947E-07
 -1       241 3.71802E-03-6.78026E-03 4.82947E-07
 -1       242 3.71802E-03-6.78026E-03-4.83033E-07
 -1       243 3.73592E-03-6.77937E-03-4.83033E-07
 -1       274-2.65447E-04-9.06950E-03 1.81808E-06
 -1       275-2.58085E-04-9.06398E-03 1.81808E-06
 -1       276-2.58085E-04-9.06398E-03-1.81863E-06
 -1       277-2.65447E-04-9.06950E-03-1.81863E-06
 -1       282-2.61219E-04-9.07131E-03 1.81808E-06
 -1       283-2.62313E-04-9.06217E-03 1.81808E-06
 -1       284-2.62313E-04-9.06217E-03-1.81863E-06
 -1       285-2.61219E-04-9.07131E-03-1.81863E-06
 -1       290-2.65994E-04-9.06493E-03 1.81808E-06
 -1       291-2.57538E-04-9.06855E-03 1.81808E-06
 -1       292-2.57538E-04-9.06855E-03-1.81863E-06
 -1       293-2.65994E-04-9.06493E-03-1.81863E-06
 -3
    1PSTEP                        18          18           1          
  100CL  118 7.58493E-01          52                     1   18           1
 -4  DISP        4    1
 -5  D1          1    2    1    0
 -5  D2          1    2    2    0
 -5  D3          1    2    3    0
 -5  ALL         1    2    0    0    1ALL
 -1       106 0.00000E+00 1.98116E-06 1.98116E-06
 -1       107 0.00000E+00-1.98116E-06 1.98116E-06
 -1       108 0.00000E+00-1.98116E-06-1.98116E-06
 -1       109 0.00000E+00 1.98116E-06-1.98116E-06
 -1       114-1.71572E-06 9.90601E-07 1.98116E-06
 -1       115 1.71572E-06-9.90601E-07 1.98116E-06
 -1       116 1.71572E-06-9.90601E-07-1.98116E-06
 -1       117-1.71572E-06 9.90601E-07-1.98116E-06
 -1       140 1.24061E-03-1.21955E-02-2.99798E-06
 -1       141 1.23139E-03-1.21895E-02-2.99798E-06
 -1       142 1.23139E-03-1.21895E-02 2.99804E-06
 -1       143 1.24061E-03-1.21955E-02 2.99804E-06
 -1       148 1.23630E-03-1.21870E-02-2.99798E-06
 -1       149 1.23570E-03-1.21980E-02-2.99798E-06
 -1       150 1.23570E-03-1.21980E-02 2.99804E-06
 -1       151 1.23630E-03-1.21870E-02 2.99804E-06
 -1       156 1.24091E-03-1.21900E-02-2.99798E-06
 -1       157 1.23109E-03-1.21950E-02-2.99798E-06
 -1       158 1.23109E-03-1.21950E-02 2.99804E-06
 -1       159 1.24091E-03-1.21900E-02 2.99804E-06
 -1       190 4.66747E-03 8.92859E-07 1.10146E-06
 -1       191 4.70832E-03-8.92859E-07 1.10146E-06
 -1       192 4.70832E-03-8.92859E-07-1.10111E-06
 -1       193 4.66747E-03 8.92859E-07-1.10111E-06
 -1       198 4.69734E-03-1.81368E-05 1.10146E-06
 -1       199 4.67846E-03 1.81368E-05 1.10146E-06
 -1       200 4.67846E-03 1.81368E-05-1.10111E-06
 -1       201 4.69734E-03-1.81368E-05-1.10111E-06
 -1       224 3.31528E-03-5.91541E-03 3.72272E-07
 -1       225 3.30774E-03-5.92983E-03 3.72272E-07
 -1       226 3.30774E-03-5.92983E-03-3.72287E-07
 -1       227 3.31528E-03-5.91541E-03-3.72287E-07
 -1       232 3.30715E-03-5.91575E-03 3.72272E-07
 -1       233 3.31587E-03-5.92949E-03 3.72272E-07
 -1       234 3.31587E-03-5.92949E-03-3.72287E-07
 -1       235 3.30715E-03-5.91575E-03-3.72287E-07
 -1       240 3.31964E-03-5.92228E-03 3.72272E-07
 -1       241 3.30338E-03-5.92296E-03 3.72272E-07
 -1       242 3.30338E-03-5.92296E-03-3.72287E-07
 -1       243 3.31964E-03-5.92228E-03-3.72287E-07
 -1       274-3.02533E-04-7.97386E-03 1.57119E-06
 -1       275-2.95951E-04-7.96871E-03 1.57119E-06
 -1       276-2.95951E-04-7.96871E-03-1.57109E-06
 -1       277-3.02533E-04-7.97386E-03-1.57109E-06
 -1       282-2.98659E-04-7.97542E-03 1.57119E-06
 -1       283-2.99825E-04-7.96715E-03 1.57119E-06
 -1       284-2.99825E-04-7.96715E-03-1.57109E-06
 -1       285-2.98659E-04-7.97542E-03-1.57109E-06
 -1       290-3.03116E-04-7.96972E-03 1.57119E-06
 -1       291-2.95368E-04-7.97285E-03 1.57119E-06
 -1       292-2.95368E-04-7.97285E-03-1.57109E-06
 -1       293-3.03116E-04-7.96972E-03-1.57109E-06
 -3
    1PSTEP                        19          19           1          
  100CL  119 8.58493E-01          52                     1   19           1
 -4  DISP        4    1
 -5  D1          1    2    1    0
 -5  D2          1    2    2    0
 -5  D3          1    2    3    0
 -5  ALL         1    2    0    0    1ALL
 -1       106 0.00000E+00 2.15348E-06 2.15348E-06
 -1       107 0.00000E+00-2.15348E-06 2.15348E-06
 -1       108 0.00000E+00-2.15348E-06-2.15348E-06
 -1       109 0.00000E+00 2.15348E-06-2.15348E-06
 -1       114-1.86495E-06 1.07676E-06 2.15348E-06
 -1       115 1.86495E-06-1.07676E-06 2.15348E-06
 -1       116 1.86495E-06-1.07676E-06-2.15348E-06
 -1       117-1.86495E-06 1.07676E-06-2.15348E-06
 -1       140 1.33335E-03-1.30940E-02-3.18640E-06
 -1       141 1.32335E-03-1.30876E-02-3.18640E-06
 -1       142 1.32335E-03-1.30876E-02 3.18647E-06
 -1       143 1.33335E-03-1.30940E-02 3.18647E-06
 -1       148 1.32862E-03-1.30849E-02-3.18640E-06
 -1       149 1.32808E-03-1.30967E-02-3.18640E-06
 -1       150 1.32808E-03-1.30967E-02 3.18647E-06
 -1       151 1.32862E-03-1.30849E-02 3.18647E-06
 -1       156 1.33362E-03-1.30881E-02-3.18640E-06
 -1       157 1.32308E-03-1.30935E-02-3.18640E-06
 -1       158 1.32308E-03-1.30935E-02 3.18647E-06
 -1       159 1.33362E-03-1.30881E-02 3.18647E-06
 -1       190 5.08510E-03 9.27488E-07 1.17414E-06
 -1       191 5.12955E-03-9.27488E-07 1.17414E-06
 -1       192 5.12955E-03-9.27488E-07-1.17410E-06
 -1       193 5.08510E-03 9.27488E-07-1.17410E-06
 -1       198 5.11763E-03-1.97076E-05 1.17414E-06
 -1       199 5.09702E-03 1.97076E-05 1.17414E-06
 -1       200 5.09702E-03 1.97076E-05-1.17410E-06
 -1       201 5.11763E-03-1.97076E-05-1.17410E-06
 -1       224 3.56242E-03-6.62793E-03 4.58928E-07
 -1       225 3.55440E-03-6.64350E-03 4.58928E-07
 -1       226 3.55440E-03-6.64350E-03-4.58823E-07
 -1       227 3.56242E-03-6.62793E-03-4.58823E-07
 -1       232 3.55367E-03-6.62836E-03 4.58928E-07
 -1       233 3.56315E-03-6.64308E-03 4.58928E-07
 -1       234 3.56315E-03-6.64308E-03-4.58822E-07
 -1       235 3.55367E-03-6.62836E-03-4.58823E-07
 -1       240 3.56715E-03-6.63530E-03 4.58928E-07
 -1       241 3.54966E-03-6.63614E-03 4.58928E-07
 -1       242 3.54966E-03-6.63614E-03-4.58823E-07
 -1       243 3.56715E-03-6.63530E-03-4.58822E-07
 -1       274-3.82109E-04-8.88029E-03 1.77915E-06
 -1       275-3.74873E-04-8.87484E-03 1.77915E-06
 -1       276-3.74873E-04-8.87484E-03-1.77892E-06
 -1       277-3.82109E-04-8.88029E-03-1.77892E-06
 -1       282-3.77940E-04-8.88206E-03 1.77915E-06
 -1       283-3.79043E-04-8.87307E-03 1.77915E-06
 -1       284-3.79043E-04-8.87307E-03-1.77892E-06
 -1       285-3.77940E-04-8.88206E-03-1.77892E-06
 -1       290-3.82661E-04-8.87579E-03 1.77915E-06
 -1       291-3.74322E-04-8.87933E-03 1.77915E-06
 -1       292-3.74322E-04-8.87933E-03-1.77892E-06
 -1       293-3.82661E-04-8.87579E-03-1.77892E-06
 -3
    1PSTEP                        20          20           1          
  100CL  120 9.58493E-01          52                     1   20           1
 -4  DISP        4    1
 -5  D1          1    2    1    0
 -5  D2          1    2    2    0
 -5  D3          1    2    3    0
 -5  ALL         1    2    0    0    1ALL
 -1       106 0.00000E+00 1.97423E-06 1.97423E-06
 -1       107 0.00000E+00-1.97423E-06 1.97423E-06
 -1       108 0.00000E+00-1.97423E-06-1.97423E-06
 -1       109 0.00000E+00 1.97423E-06-1.97423E-06
 -1       114-1.70972E-06 9.87135E-07 1.97423E-06
 -1       115 1.70972E-06-9.87135E-07 1.97423E-06
 -1       116 1.70972E-06-9.87135E-07-1.97423E-06
 -1       117-1.70972E-06 9.87135E-07-1.97423E-06
 -1       140 1.33472E-03-1.23519E-02-3.03780E-06
 -1       141 1.32535E-03-1.23458E-02-3.03780E-06
 -1       142 1.32535E-03-1.23458E-02 3.03759E-06
 -1       143 1.33472E-03-1.23519E-02 3.03759E-06
 -1       148 1.33034E-03-1.23432E-02-3.03780E-06
 -1       149 1.32974E-03-1.23544E-02-3.03780E-06
 -1       150 1.32974E-03-1.23544E-02 3.03759E-06
 -1       151 1.33034E-03-1.23432E-02 3.03759E-06
 -1       156 1.33502E-03-1.23463E-02-3.03780E-06
 -1       157 1.32506E-03-1.23513E-02-3.03780E-06
 -1       158 1.32506E-03-1.23513E-02 3.03759E-06
 -1       159 1.33502E-03-1.23463E-02 3.03759E-06
 -1       190 4.84324E-03 8.98712E-07 1.11331E-06
 -1       191 4.88472E-03-8.98712E-07 1.11331E-06
 -1       192 4.88472E-03-8.98712E-07-1.11386E-06
 -1       193 4.84324E-03 8.98712E-07-1.11386E-06
 -1       198 4.87357E-03-1.84113E-05 1.11331E-06
 -1       199 4.85438E-03 1.84113E-05 1.11331E-06
 -1       200 4.85438E-03 1.84113E-05-1.11386E-06
 -1       201 4.87357E-03-1.84113E-05-1.11386E-06
 -1       224 3.45566E-03-6.03978E-03 3.92933E-07
 -1       225 3.44798E-03-6.05453E-03 3.92933E-07
 -1       226 3.44798E-03-6.05453E-03-3.93108E-07
 -1       227 3.45566E-03-6.03978E-03-3.93108E-07
 -1       232 3.44736E-03-6.04014E-03 3.92934E-07
 -1       233 3.45628E-03-6.05417E-03 3.92933E-07
 -1       234 3.45628E-03-6.05417E-03-3.93108E-07
 -1       235 3.44736E-03-6.04014E-03-3.93108E-07
 -1       240 3.46013E-03-6.04680E-03 3.92933E-07
 -1       241 3.44352E-03-6.04751E-03 3.92933E-07
 -1       242 3.44352E-03-6.04751E-03-3.93108E-07
 -1       243 3.46013E-03-6.04680E-03-3.93108E-07
 -1       274-2.07712E-04-8.13710E-03 1.60500E-06
 -1       275-2.01020E-04-8.13190E-03 1.60500E-06
 -1       276-2.01020E-04-8.13190E-03-1.60554E-06
 -1       277-2.07712E-04-8.13710E-03-1.60554E-06
 -1       282-2.03787E-04-8.13870E-03 1.60500E-06
 -1       283-2.04945E-04-8.13030E-03 1.60500E-06
 -1       284-2.04945E-04-8.13030E-03-1.60554E-06
 -1       285-2.03787E-04-8.13870E-03-1.60554E-06
 -1       290-2.08291E-04-8.13290E-03 1.60500E-06
 -1       291-2.00442E-04-8.13610E-03 1.60500E-06
 -1       292-2.00442E-04-8.13610E-03-1.60554E-06
 -1       293-2.08291E-04-8.13290E-03-1.60554E-06
 -3
    1PSTEP                        21          21           1          
  100CL  121 1.000000000          52                     1   21           1
 -4  DISP        4    1
 -5  D1          1    2    1    0
 -5  D2          1    2    2    0
 -5  D3          1    2    3    0
 -5  ALL         1    2    0    0    1ALL
 -1       106 0.00000E+00 2.18180E-06 2.18180E-06
 -1       107 0.00000E+00-2.18180E-06 2.18180E-06
 -1       108 0.00000E+00-2.18180E-06-2.18180E-06
 -1       109 0.00000E+00 2.18180E-06-2.18180E-06
 -1       114-1.88948E-06 1.09092E-06 2.18180E-06
 -1       115 1.88948E-06-1.09092E-06 2.18180E-06
 -1       116 1.88948E-06-1.09092E-06-2.18180E-06
 -1       117-1.88948E-06 1.09092E-06-2.18180E-06
 -1       140 1.20471E-03-1.29586E-02-3.14765E-06
 -1       141 1.19485E-03-1.29523E-02-3.14765E-06
 -1       142 1.19485E-03-1.29523E-02 3.14804E-06
 -1       143 1.20471E-03-1.29586E-02 3.14804E-06
 -1       148 1.20005E-03-1.29496E-02-3.14765E-06
 -1       149 1.19951E-03-1.29613E-02-3.14765E-06
 -1       150 1.19951E-03-1.29613E-02 3.14804E-06
 -1       151 1.20005E-03-1.29496E-02 3.14804E-06
 -1       156 1.20498E-03-1.29527E-02-3.14765E-06
 -1       157 1.19457E-03-1.29581E-02-3.14765E-06
 -1       158 1.19457E-03-1.29581E-02 3.14804E-06
 -1       159 1.20498E-03-1.29527E-02 3.14804E-06
 -1       190 4.87057E-03 9.24019E-07 1.16522E-06
 -1       191 4.91447E-03-9.24019E-07 1.16522E-06
 -1       192 4.91447E-03-9.24019E-07-1.16405E-06
 -1       193 4.87057E-03 9.24019E-07-1.16405E-06
 -1       198 4.90269E-03-1.94698E-05 1.16522E-06
 -1       199 4.88235E-03 1.94698E-05 1.16522E-06
 -1       200 4.88235E-03 1.94698E-05-1.16405E-06
 -1       201 4.90269E-03-1.94698E-05-1.16405E-06
 -1       224 3.38197E-03-6.52002E-03 4.37822E-07
 -1       225 3.37411E-03-6.53524E-03 4.37822E-07
 -1       226 3.37411E-03-6.53524E-03-4.37524E-07
 -1       227 3.38197E-03-6.52002E-03-4.37524E-07
 -1       232 3.37342E-03-6.52042E-03 4.37821E-07
 -1       233 3.38267E-03-6.53484E-03 4.37822E-07
 -1       234 3.38267E-03-6.53484E-03-4.37523E-07
 -1       235 3.37342E-03-6.52042E-03-4.37524E-07
 -1       240 3.38660E-03-6.52723E-03 4.37822E-07
 -1       241 3.36949E-03-6.52803E-03 4.37822E-07
 -1       242 3.36949E-03-6.52803E-03-4.37524E-07
 -1       243 3.38660E-03-6.52723E-03-4.37524E-07
 -1       274-5.29919E-04-8.73561E-03 1.75125E-06
 -1       275-5.22775E-04-8.73021E-03 1.75125E-06
 -1       276-5.22775E-04-8.73021E-03-1.75024E-06
 -1       277-5.29919E-04-8.73561E-03-1.75024E-06
 -1       282-5.25793E-04-8.73736E-03 1.75125E-06
 -1       283-5.26902E-04-8.72847E-03 1.75125E-06
 -1       284-5.26902E-04-8.72847E-03-1.75024E-06
 -1       285-5.25793E-04-8.73736E-03-1.75024E-06
 -1       290-5.30473E-04-8.73117E-03 1.75125E-06
 -1       291-5.22221E-04-8.73465E-03 1.75125E-06
 -1       292-5.22221E-04-8.73465E-03-1.75024E-06
 -1       293-5.30473E-04-8.73117E-03-1.75024E-06
 -3
 9999
